<?xml version="1.0" encoding="UTF-8"?>
<!-- Generated by org.testng.reporters.JUnitReportReporter -->
<testsuite hostname="DESKTOP-UGUG25A" failures="0" tests="4" name="DemonMVN.MProjSel.Prioritise" time="0.034" errors="0" timestamp="2023-07-13T15:05:07 IST" skipped="0">
  <testcase classname="DemonMVN.MProjSel.Prioritise" name="register" time="0.017"/>
  <testcase classname="DemonMVN.MProjSel.Prioritise" name="LogIn" time="0.003"/>
  <testcase classname="DemonMVN.MProjSel.Prioritise" name="addToCart" time="0.008"/>
  <testcase classname="DemonMVN.MProjSel.Prioritise" name="logOut" time="0.006"/>
</testsuite> <!-- DemonMVN.MProjSel.Prioritise -->
