<?xml version="1.0" encoding="UTF-8"?>
<!-- Generated by org.testng.reporters.JUnitReportReporter -->
<testsuite hostname="DESKTOP-UGUG25A" failures="0" tests="3" name="DemonMVN.MProjSel.Annotations" time="0.044" errors="0" timestamp="2023-07-13T15:40:18 IST" skipped="0">
  <testcase classname="DemonMVN.MProjSel.Annotations" name="register" time="0.012"/>
  <testcase classname="DemonMVN.MProjSel.Annotations" name="login" time="0.018"/>
  <testcase classname="DemonMVN.MProjSel.Annotations" name="logout" time="0.014"/>
</testsuite> <!-- DemonMVN.MProjSel.Annotations -->
